<?xml version="1.0" encoding="UTF-8"?>
<!-- Generated by org.testng.reporters.JUnitReportReporter -->
<testsuite hostname="LAPTOP-7NMLF4V4" failures="0" tests="1" name="com.demoqa.tests.LoginTests" time="10.263" errors="0" timestamp="2024-07-04T18:14:47 MESZ" skipped="0">
  <testcase classname="com.demoqa.tests.LoginTests" name="loginPositiveTest" time="10.263"/>
</testsuite> <!-- com.demoqa.tests.LoginTests -->
